<?xml version="1.0" encoding="UTF-8"?>
<!-- Generated by org.testng.reporters.JUnitXMLReporter -->
<testsuite hostname="naniramya" ignored="0" name="Default test" tests="4" failures="0" timestamp="2020-08-27T00:10:08 IST" time="31.038" errors="0">
  <testcase name="openBrowser" time="15.349" classname="com.naukri.scripts.Naukri_ExpPage_Script_001"/>
  <testcase name="verifyPage" time="3.349" classname="com.naukri.scripts.Naukri_ExpPage_Script_001"/>
  <testcase name="enterName" time="0.465" classname="com.naukri.scripts.Naukri_ExpPage_Script_001"/>
  <testcase name="enterEmailId" time="0.37" classname="com.naukri.scripts.Naukri_ExpPage_Script_001"/>
</testsuite> <!-- Default test -->
